{"level":"error","message":"Proxy error: ","service":"api-gateway","timestamp":"2025-02-18T13:23:11.553Z"}
{"level":"error","message":"Proxy error: ","service":"api-gateway","timestamp":"2025-02-18T13:23:35.789Z"}
{"level":"error","message":"Proxy error: ","service":"api-gateway","timestamp":"2025-02-18T13:24:33.761Z"}
{"level":"error","message":"Proxy error: ","service":"api-gateway","timestamp":"2025-02-18T13:27:57.970Z"}
{"level":"error","message":"Proxy error: ","service":"api-gateway","timestamp":"2025-02-18T13:28:50.894Z"}
{"level":"error","message":"Proxy error: ","service":"api-gateway","timestamp":"2025-02-18T13:28:59.109Z"}
{"level":"error","message":"Proxy error: ","service":"api-gateway","timestamp":"2025-02-18T13:29:00.304Z"}
{"level":"error","message":"Proxy error: ","service":"api-gateway","timestamp":"2025-02-18T13:30:31.538Z"}
{"level":"error","message":"Proxy error: ","service":"api-gateway","timestamp":"2025-02-18T13:30:35.327Z"}
{"level":"error","message":"Proxy error: ","service":"api-gateway","timestamp":"2025-02-18T13:31:29.385Z"}
{"level":"error","message":"Proxy error: ","service":"api-gateway","timestamp":"2025-02-18T13:38:34.959Z"}
{"level":"error","message":"Proxy error: ","service":"api-gateway","timestamp":"2025-02-18T13:38:50.275Z"}
{"level":"error","message":"Proxy error: ","service":"api-gateway","timestamp":"2025-02-18T13:40:55.024Z"}
{"level":"error","message":"Proxy error: ","service":"api-gateway","timestamp":"2025-02-18T13:40:56.264Z"}
{"level":"error","message":"Proxy error: ","service":"api-gateway","timestamp":"2025-02-18T13:45:09.690Z"}
{"level":"error","message":"Proxy error: ","service":"api-gateway","timestamp":"2025-02-18T13:46:02.909Z"}
{"level":"error","message":"Proxy error: ","service":"api-gateway","timestamp":"2025-02-18T13:47:24.947Z"}
{"level":"error","message":"Proxy error: ","service":"api-gateway","timestamp":"2025-02-18T13:49:19.312Z"}
{"level":"error","message":"Proxy error: ","service":"api-gateway","timestamp":"2025-02-18T13:50:21.156Z"}
{"level":"error","message":"Proxy error: ","service":"api-gateway","timestamp":"2025-02-18T13:51:52.055Z"}
{"level":"error","message":"Proxy error: ","service":"api-gateway","timestamp":"2025-02-18T13:52:27.784Z"}
{"level":"error","message":"Proxy error: ","service":"api-gateway","timestamp":"2025-02-18T13:55:33.247Z"}
{"level":"error","message":"Proxy error: ","service":"api-gateway","timestamp":"2025-02-18T13:55:42.505Z"}
{"level":"error","message":"Proxy error: ","service":"api-gateway","timestamp":"2025-02-18T13:55:58.240Z"}
{"level":"error","message":"Proxy error: ","service":"api-gateway","timestamp":"2025-02-18T13:56:12.232Z"}
{"level":"error","message":"Proxy error: ","service":"api-gateway","timestamp":"2025-02-18T13:57:00.898Z"}
{"level":"error","message":"Proxy error: ","service":"api-gateway","timestamp":"2025-02-18T13:58:07.462Z"}
{"level":"error","message":"Proxy error: ","service":"api-gateway","timestamp":"2025-02-18T13:58:13.827Z"}
{"level":"error","message":"Proxy error: ","service":"api-gateway","timestamp":"2025-02-18T14:04:03.092Z"}
{"level":"error","message":"Proxy error: ","service":"api-gateway","timestamp":"2025-02-18T14:05:55.964Z"}
{"level":"error","message":"Proxy error: ","service":"api-gateway","timestamp":"2025-02-18T14:06:36.063Z"}
{"level":"error","message":"Proxy error: Header name must be a valid HTTP token [\"Content=Type\"]","service":"api-gateway","timestamp":"2025-02-19T17:43:55.681Z"}
{"level":"error","message":"Proxy error: ","service":"api-gateway","timestamp":"2025-02-19T17:55:48.712Z"}
{"level":"error","message":"Proxy error: ","service":"api-gateway","timestamp":"2025-02-19T18:00:25.984Z"}
{"level":"error","message":"Proxy error: ","service":"api-gateway","timestamp":"2025-02-20T09:30:11.479Z"}
{"level":"error","message":"Proxy error: Cannot read properties of undefined (reading 'startWith')","service":"api-gateway","timestamp":"2025-02-20T14:23:28.801Z"}
{"level":"error","message":"Proxy error: Cannot read properties of undefined (reading 'startWith')","service":"api-gateway","timestamp":"2025-02-20T14:24:19.753Z"}
{"level":"error","message":"Proxy error: Cannot read properties of undefined (reading 'startsWith')","service":"api-gateway","timestamp":"2025-02-20T14:25:19.272Z"}
{"level":"error","message":"Proxy error: Cannot read properties of undefined (reading 'startsWith')","service":"api-gateway","timestamp":"2025-02-20T14:26:07.443Z"}
{"level":"error","message":"Proxy error: Cannot read properties of undefined (reading 'startsWith')","service":"api-gateway","timestamp":"2025-02-20T14:26:40.263Z"}
{"level":"error","message":"Proxy error: Cannot read properties of undefined (reading 'startsWith')","service":"api-gateway","timestamp":"2025-02-20T14:27:17.588Z"}
{"level":"error","message":"Proxy error: Cannot read properties of undefined (reading 'startsWith')","service":"api-gateway","timestamp":"2025-02-20T14:32:21.990Z"}
{"level":"error","message":"Proxy error: Cannot read properties of undefined (reading 'startsWith')","service":"api-gateway","timestamp":"2025-02-20T14:32:31.749Z"}
{"level":"error","message":"Proxy error: Cannot read properties of undefined (reading 'startsWith')","service":"api-gateway","timestamp":"2025-02-20T14:32:35.531Z"}
{"level":"error","message":"Proxy error: Cannot read properties of undefined (reading 'startsWith')","service":"api-gateway","timestamp":"2025-02-20T16:44:17.630Z"}
{"level":"error","message":"Proxy error: Cannot read properties of undefined (reading 'startsWith')","service":"api-gateway","timestamp":"2025-02-20T16:44:42.730Z"}
{"level":"error","message":"Proxy error: Cannot read properties of undefined (reading 'startsWith')","service":"api-gateway","timestamp":"2025-02-20T16:44:45.504Z"}
{"level":"error","message":"Proxy error: Cannot read properties of undefined (reading 'startsWith')","service":"api-gateway","timestamp":"2025-02-20T16:44:58.434Z"}
{"level":"error","message":"Proxy error: Cannot read properties of undefined (reading 'startWith')","service":"api-gateway","timestamp":"2025-02-20T16:45:35.383Z"}
{"level":"error","message":"Proxy error: Cannot read properties of undefined (reading 'startWith')","service":"api-gateway","timestamp":"2025-02-20T16:45:37.435Z"}
{"level":"error","message":"Proxy error: Cannot read properties of undefined (reading 'startsWith')","service":"api-gateway","timestamp":"2025-02-20T16:46:07.939Z"}
{"level":"error","message":"Proxy error: Cannot read properties of undefined (reading 'startsWith')","service":"api-gateway","timestamp":"2025-02-20T16:46:30.630Z"}
{"level":"error","message":"Proxy error: Cannot read properties of undefined (reading 'startsWith')","service":"api-gateway","timestamp":"2025-02-20T16:47:06.393Z"}
{"level":"error","message":"Proxy error: ","service":"api-gateway","timestamp":"2025-02-20T16:54:38.678Z"}
{"level":"error","message":"SyntaxError: Expected double-quoted property name in JSON at position 94 (line 4 column 1)\n    at JSON.parse (<anonymous>)\n    at parse (C:\\Users\\91639\\Desktop\\NODE.js 2025\\social-media-microservices\\api-gateway\\node_modules\\body-parser\\lib\\types\\json.js:92:19)\n    at C:\\Users\\91639\\Desktop\\NODE.js 2025\\social-media-microservices\\api-gateway\\node_modules\\body-parser\\lib\\read.js:128:18\n    at AsyncResource.runInAsyncScope (node:async_hooks:211:14)\n    at invokeCallback (C:\\Users\\91639\\Desktop\\NODE.js 2025\\social-media-microservices\\api-gateway\\node_modules\\raw-body\\index.js:238:16)\n    at done (C:\\Users\\91639\\Desktop\\NODE.js 2025\\social-media-microservices\\api-gateway\\node_modules\\raw-body\\index.js:227:7)\n    at IncomingMessage.onEnd (C:\\Users\\91639\\Desktop\\NODE.js 2025\\social-media-microservices\\api-gateway\\node_modules\\raw-body\\index.js:287:7)\n    at IncomingMessage.emit (node:events:518:28)\n    at endReadableNT (node:internal/streams/readable:1698:12)\n    at process.processTicksAndRejections (node:internal/process/task_queues:90:21)","service":"api-gateway","timestamp":"2025-02-20T18:11:58.933Z"}
{"level":"error","message":"Proxy error: Cannot read properties of undefined (reading 'startsWith')","service":"api-gateway","timestamp":"2025-02-21T13:58:58.586Z"}
{"level":"error","message":"Proxy error: Cannot read properties of undefined (reading 'startsWith')","service":"api-gateway","timestamp":"2025-02-21T13:59:03.031Z"}
{"level":"error","message":"Proxy error: ","service":"api-gateway","timestamp":"2025-02-23T14:15:42.997Z"}
{"level":"error","message":"Proxy error: ","service":"api-gateway","timestamp":"2025-02-23T14:16:12.117Z"}
