{"level":"info","message":"Identity service running on port 3001","service":"identity-service","timestamp":"2025-02-13T14:08:23.515Z"}
{"level":"info","message":"Connected to mongodb.","service":"identity-service","timestamp":"2025-02-13T14:08:23.558Z"}
{"level":"info","message":"Identity service running on port 3001","service":"identity-service","timestamp":"2025-02-13T14:08:28.836Z"}
{"level":"info","message":"Connected to mongodb.","service":"identity-service","timestamp":"2025-02-13T14:08:28.903Z"}
{"level":"info","message":"Identity service running on port 3001","service":"identity-service","timestamp":"2025-02-15T12:57:57.069Z"}
{"level":"info","message":"Connected to mongodb.","service":"identity-service","timestamp":"2025-02-15T12:57:57.122Z"}
{"level":"info","message":"Received POST request to /api/auth/register","service":"identity-service","timestamp":"2025-02-15T13:00:25.298Z"}
{"level":"info","message":"Request body, [object Object]","service":"identity-service","timestamp":"2025-02-15T13:00:25.300Z"}
{"level":"info","message":"Registration endpoint hit...","service":"identity-service","timestamp":"2025-02-15T13:00:25.308Z"}
{"0":"\"","1":"p","10":" ","11":"m","12":"u","13":"s","14":"t","15":" ","16":"b","17":"e","18":" ","19":"a","2":"a","20":" ","21":"s","22":"t","23":"r","24":"i","25":"n","26":"g","3":"s","4":"s","5":"w","6":"o","7":"r","8":"d","9":"\"","level":"warn","message":"Validation error","service":"identity-service","timestamp":"2025-02-15T13:00:25.318Z"}
{"level":"info","message":"Received POST request to /api/auth/register","service":"identity-service","timestamp":"2025-02-15T13:01:13.212Z"}
{"level":"info","message":"Request body, [object Object]","service":"identity-service","timestamp":"2025-02-15T13:01:13.213Z"}
{"level":"info","message":"Registration endpoint hit...","service":"identity-service","timestamp":"2025-02-15T13:01:13.215Z"}
{"0":"\"","1":"p","10":" ","11":"l","12":"e","13":"n","14":"g","15":"t","16":"h","17":" ","18":"m","19":"u","2":"a","20":"s","21":"t","22":" ","23":"b","24":"e","25":" ","26":"a","27":"t","28":" ","29":"l","3":"s","30":"e","31":"a","32":"s","33":"t","34":" ","35":"6","36":" ","37":"c","38":"h","39":"a","4":"s","40":"r","41":"a","42":"c","43":"t","44":"e","45":"r","46":"s","47":" ","48":"l","49":"o","5":"w","50":"n","51":"g","6":"o","7":"r","8":"d","9":"\"","level":"warn","message":"Validation error","service":"identity-service","timestamp":"2025-02-15T13:01:13.218Z"}
{"level":"info","message":"Received POST request to /api/auth/register","service":"identity-service","timestamp":"2025-02-15T13:01:21.332Z"}
{"level":"info","message":"Request body, [object Object]","service":"identity-service","timestamp":"2025-02-15T13:01:21.333Z"}
{"level":"info","message":"Registration endpoint hit...","service":"identity-service","timestamp":"2025-02-15T13:01:21.336Z"}
{"buffer":{"data":[103,176,144,33,131,75,102,164,55,198,30,143],"type":"Buffer"},"level":"warn","message":"User saved successfully.","service":"identity-service","timestamp":"2025-02-15T13:01:21.515Z"}
{"level":"error","message":"Registration error occured. expireAt is not defined","service":"identity-service","stack":"ReferenceError: expireAt is not defined\n    at generateTokens (C:\\Users\\91639\\Desktop\\NODE.js 2025\\social-media-microservices\\identity-service\\src\\utils\\generateToken.js:18:5)\n    at registerUser (C:\\Users\\91639\\Desktop\\NODE.js 2025\\social-media-microservices\\identity-service\\src\\controllers\\identity-controller.js:41:49)\n    at process.processTicksAndRejections (node:internal/process/task_queues:105:5)","timestamp":"2025-02-15T13:01:21.522Z"}
{"level":"info","message":"Received POST request to /api/auth/register","service":"identity-service","timestamp":"2025-02-15T13:03:35.403Z"}
{"level":"info","message":"Request body, [object Object]","service":"identity-service","timestamp":"2025-02-15T13:03:35.403Z"}
{"level":"info","message":"Registration endpoint hit...","service":"identity-service","timestamp":"2025-02-15T13:03:35.405Z"}
{"level":"warn","message":"User already exists","service":"identity-service","timestamp":"2025-02-15T13:03:35.413Z"}
{"level":"error","message":"Registration error occured. Cannot read properties of undefined (reading 'details')","service":"identity-service","stack":"TypeError: Cannot read properties of undefined (reading 'details')\n    at registerUser (C:\\Users\\91639\\Desktop\\NODE.js 2025\\social-media-microservices\\identity-service\\src\\controllers\\identity-controller.js:30:24)\n    at process.processTicksAndRejections (node:internal/process/task_queues:105:5)","timestamp":"2025-02-15T13:03:35.413Z"}
{"level":"info","message":"Received POST request to /api/auth/register","service":"identity-service","timestamp":"2025-02-15T13:04:11.294Z"}
{"level":"info","message":"Request body, [object Object]","service":"identity-service","timestamp":"2025-02-15T13:04:11.295Z"}
{"level":"info","message":"Registration endpoint hit...","service":"identity-service","timestamp":"2025-02-15T13:04:11.297Z"}
{"level":"warn","message":"User already exists","service":"identity-service","timestamp":"2025-02-15T13:04:11.301Z"}
{"level":"error","message":"Registration error occured. Cannot read properties of undefined (reading 'details')","service":"identity-service","stack":"TypeError: Cannot read properties of undefined (reading 'details')\n    at registerUser (C:\\Users\\91639\\Desktop\\NODE.js 2025\\social-media-microservices\\identity-service\\src\\controllers\\identity-controller.js:30:24)\n    at process.processTicksAndRejections (node:internal/process/task_queues:105:5)","timestamp":"2025-02-15T13:04:11.302Z"}
{"level":"info","message":"Received POST request to /api/auth/register","service":"identity-service","timestamp":"2025-02-15T13:06:34.952Z"}
{"level":"info","message":"Request body, [object Object]","service":"identity-service","timestamp":"2025-02-15T13:06:34.953Z"}
{"level":"info","message":"Registration endpoint hit...","service":"identity-service","timestamp":"2025-02-15T13:06:34.955Z"}
{"level":"warn","message":"User already exists","service":"identity-service","timestamp":"2025-02-15T13:06:34.959Z"}
{"level":"error","message":"Registration error occured. Cannot read properties of undefined (reading 'details')","service":"identity-service","stack":"TypeError: Cannot read properties of undefined (reading 'details')\n    at registerUser (C:\\Users\\91639\\Desktop\\NODE.js 2025\\social-media-microservices\\identity-service\\src\\controllers\\identity-controller.js:30:24)\n    at process.processTicksAndRejections (node:internal/process/task_queues:105:5)","timestamp":"2025-02-15T13:06:34.960Z"}
{"level":"info","message":"Identity service running on port 3001","service":"identity-service","timestamp":"2025-02-15T13:09:52.452Z"}
{"level":"info","message":"Connected to mongodb.","service":"identity-service","timestamp":"2025-02-15T13:09:52.491Z"}
{"level":"info","message":"Received POST request to /api/auth/register","service":"identity-service","timestamp":"2025-02-15T13:10:00.496Z"}
{"level":"info","message":"Request body, [object Object]","service":"identity-service","timestamp":"2025-02-15T13:10:00.496Z"}
{"level":"info","message":"Registration endpoint hit...","service":"identity-service","timestamp":"2025-02-15T13:10:00.503Z"}
{"level":"warn","message":"User already exists","service":"identity-service","timestamp":"2025-02-15T13:10:00.526Z"}
{"level":"info","message":"Received POST request to /api/auth/register","service":"identity-service","timestamp":"2025-02-15T13:10:14.769Z"}
{"level":"info","message":"Request body, [object Object]","service":"identity-service","timestamp":"2025-02-15T13:10:14.770Z"}
{"level":"info","message":"Registration endpoint hit...","service":"identity-service","timestamp":"2025-02-15T13:10:14.773Z"}
{"level":"warn","message":"User already exists","service":"identity-service","timestamp":"2025-02-15T13:10:14.780Z"}
{"level":"info","message":"Received POST request to /api/auth/register","service":"identity-service","timestamp":"2025-02-15T13:15:19.170Z"}
{"level":"info","message":"Request body, [object Object]","service":"identity-service","timestamp":"2025-02-15T13:15:19.171Z"}
{"level":"info","message":"Registration endpoint hit...","service":"identity-service","timestamp":"2025-02-15T13:15:19.174Z"}
{"buffer":{"data":[103,176,147,103,15,104,185,67,185,236,93,247],"type":"Buffer"},"level":"warn","message":"User saved successfully.","service":"identity-service","timestamp":"2025-02-15T13:15:19.309Z"}
{"_message":"RefreshToken validation failed","errors":{"expireAt":{"kind":"required","message":"Path `expireAt` is required.","name":"ValidatorError","path":"expireAt","properties":{"message":"Path `expireAt` is required.","path":"expireAt","type":"required"}}},"level":"error","message":"Registration error occured. RefreshToken validation failed: expireAt: Path `expireAt` is required.","service":"identity-service","stack":"ValidationError: RefreshToken validation failed: expireAt: Path `expireAt` is required.\n    at Document.invalidate (C:\\Users\\91639\\Desktop\\NODE.js 2025\\social-media-microservices\\identity-service\\node_modules\\mongoose\\lib\\document.js:3334:32)\n    at C:\\Users\\91639\\Desktop\\NODE.js 2025\\social-media-microservices\\identity-service\\node_modules\\mongoose\\lib\\document.js:3095:17\n    at C:\\Users\\91639\\Desktop\\NODE.js 2025\\social-media-microservices\\identity-service\\node_modules\\mongoose\\lib\\schemaType.js:1407:9\n    at process.processTicksAndRejections (node:internal/process/task_queues:85:11)","timestamp":"2025-02-15T13:15:19.321Z"}
{"level":"info","message":"Received POST request to /api/auth/register","service":"identity-service","timestamp":"2025-02-15T13:17:03.777Z"}
{"level":"info","message":"Request body, [object Object]","service":"identity-service","timestamp":"2025-02-15T13:17:03.778Z"}
{"level":"info","message":"Registration endpoint hit...","service":"identity-service","timestamp":"2025-02-15T13:17:03.781Z"}
{"level":"warn","message":"User already exists","service":"identity-service","timestamp":"2025-02-15T13:17:03.786Z"}
{"level":"info","message":"Received POST request to /api/auth/register","service":"identity-service","timestamp":"2025-02-15T13:17:50.502Z"}
{"level":"info","message":"Request body, [object Object]","service":"identity-service","timestamp":"2025-02-15T13:17:50.502Z"}
{"level":"info","message":"Registration endpoint hit...","service":"identity-service","timestamp":"2025-02-15T13:17:50.504Z"}
{"buffer":{"data":[103,176,147,254,15,104,185,67,185,236,93,252],"type":"Buffer"},"level":"warn","message":"User saved successfully.","service":"identity-service","timestamp":"2025-02-15T13:17:50.587Z"}
{"_message":"RefreshToken validation failed","errors":{"expireAt":{"kind":"required","message":"Path `expireAt` is required.","name":"ValidatorError","path":"expireAt","properties":{"message":"Path `expireAt` is required.","path":"expireAt","type":"required"}}},"level":"error","message":"Registration error occured. RefreshToken validation failed: expireAt: Path `expireAt` is required.","service":"identity-service","stack":"ValidationError: RefreshToken validation failed: expireAt: Path `expireAt` is required.\n    at Document.invalidate (C:\\Users\\91639\\Desktop\\NODE.js 2025\\social-media-microservices\\identity-service\\node_modules\\mongoose\\lib\\document.js:3334:32)\n    at C:\\Users\\91639\\Desktop\\NODE.js 2025\\social-media-microservices\\identity-service\\node_modules\\mongoose\\lib\\document.js:3095:17\n    at C:\\Users\\91639\\Desktop\\NODE.js 2025\\social-media-microservices\\identity-service\\node_modules\\mongoose\\lib\\schemaType.js:1407:9\n    at process.processTicksAndRejections (node:internal/process/task_queues:85:11)","timestamp":"2025-02-15T13:17:50.590Z"}
{"level":"info","message":"Identity service running on port 3001","service":"identity-service","timestamp":"2025-02-15T13:18:17.953Z"}
{"level":"info","message":"Connected to mongodb.","service":"identity-service","timestamp":"2025-02-15T13:18:17.987Z"}
{"level":"info","message":"Received POST request to /api/auth/register","service":"identity-service","timestamp":"2025-02-15T13:18:22.202Z"}
{"level":"info","message":"Request body, [object Object]","service":"identity-service","timestamp":"2025-02-15T13:18:22.202Z"}
{"level":"info","message":"Registration endpoint hit...","service":"identity-service","timestamp":"2025-02-15T13:18:22.208Z"}
{"buffer":{"data":[103,176,148,30,202,9,72,18,230,21,164,232],"type":"Buffer"},"level":"warn","message":"User saved successfully.","service":"identity-service","timestamp":"2025-02-15T13:18:22.370Z"}
{"level":"info","message":"Identity service running on port 3001","service":"identity-service","timestamp":"2025-02-18T14:07:00.311Z"}
{"level":"info","message":"Connected to mongodb.","service":"identity-service","timestamp":"2025-02-18T14:07:00.352Z"}
{"level":"info","message":"Received POST request to /api/auth/register","service":"identity-service","timestamp":"2025-02-18T14:07:02.028Z"}
{"level":"info","message":"Request body, [object Object]","service":"identity-service","timestamp":"2025-02-18T14:07:02.029Z"}
{"level":"info","message":"Registration endpoint hit...","service":"identity-service","timestamp":"2025-02-18T14:07:02.037Z"}
{"buffer":{"data":[103,180,148,6,191,10,242,208,100,248,148,38],"type":"Buffer"},"level":"warn","message":"User saved successfully.","service":"identity-service","timestamp":"2025-02-18T14:07:02.299Z"}
{"level":"info","message":"Received POST request to /api/auth/register","service":"identity-service","timestamp":"2025-02-18T14:33:02.046Z"}
{"level":"info","message":"Request body, [object Object]","service":"identity-service","timestamp":"2025-02-18T14:33:02.046Z"}
{"level":"info","message":"Registration endpoint hit...","service":"identity-service","timestamp":"2025-02-18T14:33:02.050Z"}
{"level":"warn","message":"User already exists","service":"identity-service","timestamp":"2025-02-18T14:33:02.077Z"}
{"level":"info","message":"Identity service running on port 3001","service":"identity-service","timestamp":"2025-02-18T14:34:13.470Z"}
{"level":"info","message":"Connected to mongodb.","service":"identity-service","timestamp":"2025-02-18T14:34:13.505Z"}
{"level":"info","message":"Identity service running on port 3001","service":"identity-service","timestamp":"2025-02-18T14:34:21.185Z"}
{"level":"info","message":"Connected to mongodb.","service":"identity-service","timestamp":"2025-02-18T14:34:21.236Z"}
{"level":"info","message":"Identity service running on port 3001","service":"identity-service","timestamp":"2025-02-18T14:34:39.629Z"}
{"level":"info","message":"Connected to mongodb.","service":"identity-service","timestamp":"2025-02-18T14:34:39.674Z"}
{"level":"info","message":"Identity service running on port 3001","service":"identity-service","timestamp":"2025-02-18T14:34:51.729Z"}
{"level":"info","message":"Connected to mongodb.","service":"identity-service","timestamp":"2025-02-18T14:34:51.790Z"}
{"level":"info","message":"Identity service running on port 3001","service":"identity-service","timestamp":"2025-02-18T14:35:02.097Z"}
{"level":"info","message":"Connected to mongodb.","service":"identity-service","timestamp":"2025-02-18T14:35:02.140Z"}
{"level":"info","message":"Identity service running on port 3001","service":"identity-service","timestamp":"2025-02-18T14:35:20.361Z"}
{"level":"info","message":"Connected to mongodb.","service":"identity-service","timestamp":"2025-02-18T14:35:20.393Z"}
{"level":"info","message":"Identity service running on port 3001","service":"identity-service","timestamp":"2025-02-18T14:35:43.939Z"}
{"level":"info","message":"Connected to mongodb.","service":"identity-service","timestamp":"2025-02-18T14:35:43.975Z"}
{"level":"info","message":"Identity service running on port 3001","service":"identity-service","timestamp":"2025-02-18T14:35:49.499Z"}
{"level":"info","message":"Connected to mongodb.","service":"identity-service","timestamp":"2025-02-18T14:35:49.536Z"}
{"level":"info","message":"Identity service running on port 3001","service":"identity-service","timestamp":"2025-02-18T14:36:06.802Z"}
{"level":"info","message":"Connected to mongodb.","service":"identity-service","timestamp":"2025-02-18T14:36:06.852Z"}
{"level":"info","message":"Identity service running on port 3001","service":"identity-service","timestamp":"2025-02-18T14:36:34.823Z"}
{"level":"info","message":"Connected to mongodb.","service":"identity-service","timestamp":"2025-02-18T14:36:34.856Z"}
{"level":"info","message":"Identity service running on port 3001","service":"identity-service","timestamp":"2025-02-18T14:37:05.487Z"}
{"level":"info","message":"Connected to mongodb.","service":"identity-service","timestamp":"2025-02-18T14:37:05.523Z"}
{"level":"info","message":"Identity service running on port 3001","service":"identity-service","timestamp":"2025-02-18T14:38:24.388Z"}
{"level":"info","message":"Connected to mongodb.","service":"identity-service","timestamp":"2025-02-18T14:38:24.422Z"}
{"level":"info","message":"Identity service running on port 3001","service":"identity-service","timestamp":"2025-02-18T14:38:29.970Z"}
{"level":"info","message":"Connected to mongodb.","service":"identity-service","timestamp":"2025-02-18T14:38:30.011Z"}
{"level":"info","message":"Identity service running on port 3001","service":"identity-service","timestamp":"2025-02-18T14:38:41.997Z"}
{"level":"info","message":"Connected to mongodb.","service":"identity-service","timestamp":"2025-02-18T14:38:42.030Z"}
{"level":"info","message":"Identity service running on port 3001","service":"identity-service","timestamp":"2025-02-18T14:39:17.932Z"}
{"level":"info","message":"Connected to mongodb.","service":"identity-service","timestamp":"2025-02-18T14:39:17.974Z"}
{"level":"info","message":"Identity service running on port 3001","service":"identity-service","timestamp":"2025-02-18T14:39:36.966Z"}
{"level":"info","message":"Connected to mongodb.","service":"identity-service","timestamp":"2025-02-18T14:39:37.016Z"}
{"level":"info","message":"Identity service running on port 3001","service":"identity-service","timestamp":"2025-02-18T14:40:04.619Z"}
{"level":"info","message":"Connected to mongodb.","service":"identity-service","timestamp":"2025-02-18T14:40:04.667Z"}
{"level":"info","message":"Identity service running on port 3001","service":"identity-service","timestamp":"2025-02-18T14:40:15.362Z"}
{"level":"info","message":"Connected to mongodb.","service":"identity-service","timestamp":"2025-02-18T14:40:15.406Z"}
{"level":"info","message":"Identity service running on port 3001","service":"identity-service","timestamp":"2025-02-18T14:40:44.892Z"}
{"level":"info","message":"Connected to mongodb.","service":"identity-service","timestamp":"2025-02-18T14:40:44.927Z"}
{"level":"info","message":"Identity service running on port 3001","service":"identity-service","timestamp":"2025-02-18T14:40:49.207Z"}
{"level":"info","message":"Connected to mongodb.","service":"identity-service","timestamp":"2025-02-18T14:40:49.259Z"}
{"level":"info","message":"Identity service running on port 3001","service":"identity-service","timestamp":"2025-02-18T14:40:57.327Z"}
{"level":"info","message":"Connected to mongodb.","service":"identity-service","timestamp":"2025-02-18T14:40:57.370Z"}
{"level":"info","message":"Identity service running on port 3001","service":"identity-service","timestamp":"2025-02-18T14:41:03.941Z"}
{"level":"info","message":"Connected to mongodb.","service":"identity-service","timestamp":"2025-02-18T14:41:03.982Z"}
{"level":"info","message":"Identity service running on port 3001","service":"identity-service","timestamp":"2025-02-18T14:41:12.493Z"}
{"level":"info","message":"Connected to mongodb.","service":"identity-service","timestamp":"2025-02-18T14:41:12.539Z"}
{"level":"info","message":"Identity service running on port 3001","service":"identity-service","timestamp":"2025-02-18T14:41:20.352Z"}
{"level":"info","message":"Connected to mongodb.","service":"identity-service","timestamp":"2025-02-18T14:41:20.396Z"}
{"level":"info","message":"Identity service running on port 3001","service":"identity-service","timestamp":"2025-02-18T14:41:24.108Z"}
{"level":"info","message":"Connected to mongodb.","service":"identity-service","timestamp":"2025-02-18T14:41:24.151Z"}
{"level":"info","message":"Identity service running on port 3001","service":"identity-service","timestamp":"2025-02-18T14:41:38.608Z"}
{"level":"info","message":"Connected to mongodb.","service":"identity-service","timestamp":"2025-02-18T14:41:38.647Z"}
{"level":"info","message":"Identity service running on port 3001","service":"identity-service","timestamp":"2025-02-18T14:41:42.734Z"}
{"level":"info","message":"Connected to mongodb.","service":"identity-service","timestamp":"2025-02-18T14:41:42.782Z"}
{"level":"info","message":"Identity service running on port 3001","service":"identity-service","timestamp":"2025-02-18T14:41:50.182Z"}
{"level":"info","message":"Connected to mongodb.","service":"identity-service","timestamp":"2025-02-18T14:41:50.222Z"}
{"level":"info","message":"Identity service running on port 3001","service":"identity-service","timestamp":"2025-02-18T14:42:02.287Z"}
{"level":"info","message":"Connected to mongodb.","service":"identity-service","timestamp":"2025-02-18T14:42:02.333Z"}
{"level":"info","message":"Identity service running on port 3001","service":"identity-service","timestamp":"2025-02-18T14:42:52.808Z"}
{"level":"info","message":"Connected to mongodb.","service":"identity-service","timestamp":"2025-02-18T14:42:52.852Z"}
{"level":"info","message":"Identity service running on port 3001","service":"identity-service","timestamp":"2025-02-18T14:43:51.548Z"}
{"level":"info","message":"Connected to mongodb.","service":"identity-service","timestamp":"2025-02-18T14:43:51.592Z"}
{"level":"info","message":"Identity service running on port 3001","service":"identity-service","timestamp":"2025-02-18T14:44:04.378Z"}
{"level":"info","message":"Connected to mongodb.","service":"identity-service","timestamp":"2025-02-18T14:44:04.411Z"}
{"level":"info","message":"Identity service running on port 3001","service":"identity-service","timestamp":"2025-02-18T14:44:17.779Z"}
{"level":"info","message":"Connected to mongodb.","service":"identity-service","timestamp":"2025-02-18T14:44:17.826Z"}
{"level":"info","message":"Identity service running on port 3001","service":"identity-service","timestamp":"2025-02-18T14:44:25.836Z"}
{"level":"info","message":"Connected to mongodb.","service":"identity-service","timestamp":"2025-02-18T14:44:25.872Z"}
{"level":"info","message":"Identity service running on port 3001","service":"identity-service","timestamp":"2025-02-18T14:44:38.821Z"}
{"level":"info","message":"Connected to mongodb.","service":"identity-service","timestamp":"2025-02-18T14:44:38.864Z"}
{"level":"info","message":"Identity service running on port 3001","service":"identity-service","timestamp":"2025-02-18T14:45:03.641Z"}
{"level":"info","message":"Connected to mongodb.","service":"identity-service","timestamp":"2025-02-18T14:45:03.682Z"}
{"level":"info","message":"Identity service running on port 3001","service":"identity-service","timestamp":"2025-02-18T14:45:18.816Z"}
{"level":"info","message":"Connected to mongodb.","service":"identity-service","timestamp":"2025-02-18T14:45:18.850Z"}
{"level":"info","message":"Identity service running on port 3001","service":"identity-service","timestamp":"2025-02-18T14:45:24.298Z"}
{"level":"info","message":"Connected to mongodb.","service":"identity-service","timestamp":"2025-02-18T14:45:24.333Z"}
{"level":"info","message":"Identity service running on port 3001","service":"identity-service","timestamp":"2025-02-18T14:45:33.257Z"}
{"level":"info","message":"Connected to mongodb.","service":"identity-service","timestamp":"2025-02-18T14:45:33.299Z"}
{"level":"info","message":"Identity service running on port 3001","service":"identity-service","timestamp":"2025-02-18T14:45:57.413Z"}
{"level":"info","message":"Connected to mongodb.","service":"identity-service","timestamp":"2025-02-18T14:45:57.447Z"}
{"level":"info","message":"Identity service running on port 3001","service":"identity-service","timestamp":"2025-02-18T14:46:12.459Z"}
{"level":"info","message":"Connected to mongodb.","service":"identity-service","timestamp":"2025-02-18T14:46:12.497Z"}
{"level":"info","message":"Identity service running on port 3001","service":"identity-service","timestamp":"2025-02-18T14:46:43.041Z"}
{"level":"info","message":"Connected to mongodb.","service":"identity-service","timestamp":"2025-02-18T14:46:43.080Z"}
{"level":"info","message":"Identity service running on port 3001","service":"identity-service","timestamp":"2025-02-18T14:47:02.174Z"}
{"level":"info","message":"Connected to mongodb.","service":"identity-service","timestamp":"2025-02-18T14:47:02.222Z"}
{"level":"info","message":"Identity service running on port 3001","service":"identity-service","timestamp":"2025-02-18T14:47:18.923Z"}
{"level":"info","message":"Connected to mongodb.","service":"identity-service","timestamp":"2025-02-18T14:47:18.962Z"}
{"level":"info","message":"Received POST request to /api/auth/register","service":"identity-service","timestamp":"2025-02-18T14:47:59.334Z"}
{"level":"info","message":"Request body, [object Object]","service":"identity-service","timestamp":"2025-02-18T14:47:59.335Z"}
{"level":"info","message":"Registration endpoint hit...","service":"identity-service","timestamp":"2025-02-18T14:47:59.343Z"}
{"level":"error","message":"Registration error occured. validateRegistration is not a function","service":"identity-service","stack":"TypeError: validateRegistration is not a function\n    at registerUser (C:\\Users\\91639\\Desktop\\NODE.js 2025\\social-media-microservices\\identity-service\\src\\controllers\\identity-controller.js:14:23)\n    at Layer.handle [as handle_request] (C:\\Users\\91639\\Desktop\\NODE.js 2025\\social-media-microservices\\identity-service\\node_modules\\express\\lib\\router\\layer.js:95:5)\n    at next (C:\\Users\\91639\\Desktop\\NODE.js 2025\\social-media-microservices\\identity-service\\node_modules\\express\\lib\\router\\route.js:149:13)\n    at Route.dispatch (C:\\Users\\91639\\Desktop\\NODE.js 2025\\social-media-microservices\\identity-service\\node_modules\\express\\lib\\router\\route.js:119:3)\n    at Layer.handle [as handle_request] (C:\\Users\\91639\\Desktop\\NODE.js 2025\\social-media-microservices\\identity-service\\node_modules\\express\\lib\\router\\layer.js:95:5)\n    at C:\\Users\\91639\\Desktop\\NODE.js 2025\\social-media-microservices\\identity-service\\node_modules\\express\\lib\\router\\index.js:284:15\n    at Function.process_params (C:\\Users\\91639\\Desktop\\NODE.js 2025\\social-media-microservices\\identity-service\\node_modules\\express\\lib\\router\\index.js:346:12)\n    at next (C:\\Users\\91639\\Desktop\\NODE.js 2025\\social-media-microservices\\identity-service\\node_modules\\express\\lib\\router\\index.js:280:10)\n    at Function.handle (C:\\Users\\91639\\Desktop\\NODE.js 2025\\social-media-microservices\\identity-service\\node_modules\\express\\lib\\router\\index.js:175:3)\n    at router (C:\\Users\\91639\\Desktop\\NODE.js 2025\\social-media-microservices\\identity-service\\node_modules\\express\\lib\\router\\index.js:47:12)","timestamp":"2025-02-18T14:47:59.344Z"}
{"level":"info","message":"Identity service running on port 3001","service":"identity-service","timestamp":"2025-02-18T14:49:05.717Z"}
{"level":"info","message":"Connected to mongodb.","service":"identity-service","timestamp":"2025-02-18T14:49:05.753Z"}
{"level":"info","message":"Identity service running on port 3001","service":"identity-service","timestamp":"2025-02-18T14:49:28.815Z"}
{"level":"info","message":"Connected to mongodb.","service":"identity-service","timestamp":"2025-02-18T14:49:28.849Z"}
{"level":"info","message":"Received POST request to /api/auth/register","service":"identity-service","timestamp":"2025-02-18T14:49:33.189Z"}
{"level":"info","message":"Request body, [object Object]","service":"identity-service","timestamp":"2025-02-18T14:49:33.189Z"}
{"level":"info","message":"Registration endpoint hit...","service":"identity-service","timestamp":"2025-02-18T14:49:33.195Z"}
{"level":"error","message":"Registration error occured. validateRegistration is not a function","service":"identity-service","stack":"TypeError: validateRegistration is not a function\n    at registerUser (C:\\Users\\91639\\Desktop\\NODE.js 2025\\social-media-microservices\\identity-service\\src\\controllers\\identity-controller.js:14:23)\n    at Layer.handle [as handle_request] (C:\\Users\\91639\\Desktop\\NODE.js 2025\\social-media-microservices\\identity-service\\node_modules\\express\\lib\\router\\layer.js:95:5)\n    at next (C:\\Users\\91639\\Desktop\\NODE.js 2025\\social-media-microservices\\identity-service\\node_modules\\express\\lib\\router\\route.js:149:13)\n    at Route.dispatch (C:\\Users\\91639\\Desktop\\NODE.js 2025\\social-media-microservices\\identity-service\\node_modules\\express\\lib\\router\\route.js:119:3)\n    at Layer.handle [as handle_request] (C:\\Users\\91639\\Desktop\\NODE.js 2025\\social-media-microservices\\identity-service\\node_modules\\express\\lib\\router\\layer.js:95:5)\n    at C:\\Users\\91639\\Desktop\\NODE.js 2025\\social-media-microservices\\identity-service\\node_modules\\express\\lib\\router\\index.js:284:15\n    at Function.process_params (C:\\Users\\91639\\Desktop\\NODE.js 2025\\social-media-microservices\\identity-service\\node_modules\\express\\lib\\router\\index.js:346:12)\n    at next (C:\\Users\\91639\\Desktop\\NODE.js 2025\\social-media-microservices\\identity-service\\node_modules\\express\\lib\\router\\index.js:280:10)\n    at Function.handle (C:\\Users\\91639\\Desktop\\NODE.js 2025\\social-media-microservices\\identity-service\\node_modules\\express\\lib\\router\\index.js:175:3)\n    at router (C:\\Users\\91639\\Desktop\\NODE.js 2025\\social-media-microservices\\identity-service\\node_modules\\express\\lib\\router\\index.js:47:12)","timestamp":"2025-02-18T14:49:33.196Z"}
{"level":"info","message":"Identity service running on port 3001","service":"identity-service","timestamp":"2025-02-18T14:50:55.197Z"}
{"level":"info","message":"Connected to mongodb.","service":"identity-service","timestamp":"2025-02-18T14:50:55.291Z"}
{"level":"info","message":"Received POST request to /api/auth/register","service":"identity-service","timestamp":"2025-02-18T14:51:26.986Z"}
{"level":"info","message":"Request body, [object Object]","service":"identity-service","timestamp":"2025-02-18T14:51:26.988Z"}
{"level":"info","message":"Registration endpoint hit...","service":"identity-service","timestamp":"2025-02-18T14:51:26.995Z"}
{"level":"error","message":"Registration error occured. validateRegistration is not a function","service":"identity-service","stack":"TypeError: validateRegistration is not a function\n    at registerUser (C:\\Users\\91639\\Desktop\\NODE.js 2025\\social-media-microservices\\identity-service\\src\\controllers\\identity-controller.js:14:23)\n    at Layer.handle [as handle_request] (C:\\Users\\91639\\Desktop\\NODE.js 2025\\social-media-microservices\\identity-service\\node_modules\\express\\lib\\router\\layer.js:95:5)\n    at next (C:\\Users\\91639\\Desktop\\NODE.js 2025\\social-media-microservices\\identity-service\\node_modules\\express\\lib\\router\\route.js:149:13)\n    at Route.dispatch (C:\\Users\\91639\\Desktop\\NODE.js 2025\\social-media-microservices\\identity-service\\node_modules\\express\\lib\\router\\route.js:119:3)\n    at Layer.handle [as handle_request] (C:\\Users\\91639\\Desktop\\NODE.js 2025\\social-media-microservices\\identity-service\\node_modules\\express\\lib\\router\\layer.js:95:5)\n    at C:\\Users\\91639\\Desktop\\NODE.js 2025\\social-media-microservices\\identity-service\\node_modules\\express\\lib\\router\\index.js:284:15\n    at Function.process_params (C:\\Users\\91639\\Desktop\\NODE.js 2025\\social-media-microservices\\identity-service\\node_modules\\express\\lib\\router\\index.js:346:12)\n    at next (C:\\Users\\91639\\Desktop\\NODE.js 2025\\social-media-microservices\\identity-service\\node_modules\\express\\lib\\router\\index.js:280:10)\n    at Function.handle (C:\\Users\\91639\\Desktop\\NODE.js 2025\\social-media-microservices\\identity-service\\node_modules\\express\\lib\\router\\index.js:175:3)\n    at router (C:\\Users\\91639\\Desktop\\NODE.js 2025\\social-media-microservices\\identity-service\\node_modules\\express\\lib\\router\\index.js:47:12)","timestamp":"2025-02-18T14:51:26.997Z"}
{"level":"info","message":"Identity service running on port 3001","service":"identity-service","timestamp":"2025-02-18T14:56:21.036Z"}
{"level":"info","message":"Connected to mongodb.","service":"identity-service","timestamp":"2025-02-18T14:56:21.070Z"}
{"level":"info","message":"Received POST request to /api/auth/register","service":"identity-service","timestamp":"2025-02-18T14:56:51.777Z"}
{"level":"info","message":"Request body, [object Object]","service":"identity-service","timestamp":"2025-02-18T14:56:51.778Z"}
{"level":"info","message":"Registration endpoint hit...","service":"identity-service","timestamp":"2025-02-18T14:56:51.787Z"}
{"level":"error","message":"Registration error occured. validateRegistration is not a function","service":"identity-service","stack":"TypeError: validateRegistration is not a function\n    at registerUser (C:\\Users\\91639\\Desktop\\NODE.js 2025\\social-media-microservices\\identity-service\\src\\controllers\\identity-controller.js:14:23)\n    at Layer.handle [as handle_request] (C:\\Users\\91639\\Desktop\\NODE.js 2025\\social-media-microservices\\identity-service\\node_modules\\express\\lib\\router\\layer.js:95:5)\n    at next (C:\\Users\\91639\\Desktop\\NODE.js 2025\\social-media-microservices\\identity-service\\node_modules\\express\\lib\\router\\route.js:149:13)\n    at Route.dispatch (C:\\Users\\91639\\Desktop\\NODE.js 2025\\social-media-microservices\\identity-service\\node_modules\\express\\lib\\router\\route.js:119:3)\n    at Layer.handle [as handle_request] (C:\\Users\\91639\\Desktop\\NODE.js 2025\\social-media-microservices\\identity-service\\node_modules\\express\\lib\\router\\layer.js:95:5)\n    at C:\\Users\\91639\\Desktop\\NODE.js 2025\\social-media-microservices\\identity-service\\node_modules\\express\\lib\\router\\index.js:284:15\n    at Function.process_params (C:\\Users\\91639\\Desktop\\NODE.js 2025\\social-media-microservices\\identity-service\\node_modules\\express\\lib\\router\\index.js:346:12)\n    at next (C:\\Users\\91639\\Desktop\\NODE.js 2025\\social-media-microservices\\identity-service\\node_modules\\express\\lib\\router\\index.js:280:10)\n    at Function.handle (C:\\Users\\91639\\Desktop\\NODE.js 2025\\social-media-microservices\\identity-service\\node_modules\\express\\lib\\router\\index.js:175:3)\n    at router (C:\\Users\\91639\\Desktop\\NODE.js 2025\\social-media-microservices\\identity-service\\node_modules\\express\\lib\\router\\index.js:47:12)","timestamp":"2025-02-18T14:56:51.789Z"}
{"level":"info","message":"Identity service running on port 3001","service":"identity-service","timestamp":"2025-02-18T14:57:24.870Z"}
{"level":"info","message":"Connected to mongodb.","service":"identity-service","timestamp":"2025-02-18T14:57:24.904Z"}
{"level":"info","message":"Received POST request to /api/auth/register","service":"identity-service","timestamp":"2025-02-18T14:57:28.174Z"}
{"level":"info","message":"Request body, [object Object]","service":"identity-service","timestamp":"2025-02-18T14:57:28.175Z"}
{"level":"info","message":"Registration endpoint hit...","service":"identity-service","timestamp":"2025-02-18T14:57:28.182Z"}
{"level":"error","message":"Registration error occured. validateRegistration is not a function","service":"identity-service","stack":"TypeError: validateRegistration is not a function\n    at registerUser (C:\\Users\\91639\\Desktop\\NODE.js 2025\\social-media-microservices\\identity-service\\src\\controllers\\identity-controller.js:14:23)\n    at Layer.handle [as handle_request] (C:\\Users\\91639\\Desktop\\NODE.js 2025\\social-media-microservices\\identity-service\\node_modules\\express\\lib\\router\\layer.js:95:5)\n    at next (C:\\Users\\91639\\Desktop\\NODE.js 2025\\social-media-microservices\\identity-service\\node_modules\\express\\lib\\router\\route.js:149:13)\n    at Route.dispatch (C:\\Users\\91639\\Desktop\\NODE.js 2025\\social-media-microservices\\identity-service\\node_modules\\express\\lib\\router\\route.js:119:3)\n    at Layer.handle [as handle_request] (C:\\Users\\91639\\Desktop\\NODE.js 2025\\social-media-microservices\\identity-service\\node_modules\\express\\lib\\router\\layer.js:95:5)\n    at C:\\Users\\91639\\Desktop\\NODE.js 2025\\social-media-microservices\\identity-service\\node_modules\\express\\lib\\router\\index.js:284:15\n    at Function.process_params (C:\\Users\\91639\\Desktop\\NODE.js 2025\\social-media-microservices\\identity-service\\node_modules\\express\\lib\\router\\index.js:346:12)\n    at next (C:\\Users\\91639\\Desktop\\NODE.js 2025\\social-media-microservices\\identity-service\\node_modules\\express\\lib\\router\\index.js:280:10)\n    at Function.handle (C:\\Users\\91639\\Desktop\\NODE.js 2025\\social-media-microservices\\identity-service\\node_modules\\express\\lib\\router\\index.js:175:3)\n    at router (C:\\Users\\91639\\Desktop\\NODE.js 2025\\social-media-microservices\\identity-service\\node_modules\\express\\lib\\router\\index.js:47:12)","timestamp":"2025-02-18T14:57:28.184Z"}
{"level":"info","message":"Identity service running on port 3001","service":"identity-service","timestamp":"2025-02-18T14:58:21.337Z"}
{"level":"info","message":"Connected to mongodb.","service":"identity-service","timestamp":"2025-02-18T14:58:21.379Z"}
{"level":"info","message":"Received POST request to /api/auth/register","service":"identity-service","timestamp":"2025-02-18T14:58:21.825Z"}
{"level":"info","message":"Request body, [object Object]","service":"identity-service","timestamp":"2025-02-18T14:58:21.827Z"}
{"level":"info","message":"Registration endpoint hit...","service":"identity-service","timestamp":"2025-02-18T14:58:21.833Z"}
{"buffer":{"data":[103,180,160,13,165,219,222,255,146,138,247,105],"type":"Buffer"},"level":"warn","message":"User saved successfully.","service":"identity-service","timestamp":"2025-02-18T14:58:21.980Z"}
{"level":"info","message":"Received POST request to /api/auth/register","service":"identity-service","timestamp":"2025-02-18T14:58:34.267Z"}
{"level":"info","message":"Request body, [object Object]","service":"identity-service","timestamp":"2025-02-18T14:58:34.267Z"}
{"level":"info","message":"Registration endpoint hit...","service":"identity-service","timestamp":"2025-02-18T14:58:34.270Z"}
{"0":"\"","1":"u","10":" ","11":"i","12":"s","13":" ","14":"r","15":"e","16":"q","17":"u","18":"i","19":"r","2":"s","20":"e","21":"d","3":"e","4":"r","5":"n","6":"a","7":"m","8":"e","9":"\"","level":"warn","message":"Validation error","service":"identity-service","timestamp":"2025-02-18T14:58:34.274Z"}
{"level":"info","message":"Received POST request to /api/auth/login","service":"identity-service","timestamp":"2025-02-18T14:58:45.857Z"}
{"level":"info","message":"Request body, [object Object]","service":"identity-service","timestamp":"2025-02-18T14:58:45.858Z"}
{"level":"error","message":"Registration error occured. User.comparePassword is not a function","service":"identity-service","stack":"TypeError: User.comparePassword is not a function\n    at loginUser (C:\\Users\\91639\\Desktop\\NODE.js 2025\\social-media-microservices\\identity-service\\src\\controllers\\identity-controller.js:84:40)\n    at process.processTicksAndRejections (node:internal/process/task_queues:105:5)","timestamp":"2025-02-18T14:58:45.866Z"}
{"level":"info","message":"Identity service running on port 3001","service":"identity-service","timestamp":"2025-02-18T14:59:47.881Z"}
{"level":"info","message":"Connected to mongodb.","service":"identity-service","timestamp":"2025-02-18T14:59:47.918Z"}
{"level":"info","message":"Received POST request to /api/auth/login","service":"identity-service","timestamp":"2025-02-18T14:59:49.478Z"}
{"level":"info","message":"Request body, [object Object]","service":"identity-service","timestamp":"2025-02-18T14:59:49.479Z"}
{"level":"error","message":"Registration error occured. Cannot access 'generateTokens' before initialization","service":"identity-service","stack":"ReferenceError: Cannot access 'generateTokens' before initialization\n    at loginUser (C:\\Users\\91639\\Desktop\\NODE.js 2025\\social-media-microservices\\identity-service\\src\\controllers\\identity-controller.js:93:45)","timestamp":"2025-02-18T14:59:49.581Z"}
{"level":"info","message":"Identity service running on port 3001","service":"identity-service","timestamp":"2025-02-18T15:00:10.704Z"}
{"level":"info","message":"Connected to mongodb.","service":"identity-service","timestamp":"2025-02-18T15:00:10.739Z"}
{"level":"info","message":"Received POST request to /api/auth/login","service":"identity-service","timestamp":"2025-02-18T15:00:11.476Z"}
{"level":"info","message":"Request body, [object Object]","service":"identity-service","timestamp":"2025-02-18T15:00:11.478Z"}
{"level":"info","message":"Received POST request to /api/auth/login","service":"identity-service","timestamp":"2025-02-18T15:02:52.516Z"}
{"level":"info","message":"Request body, [object Object]","service":"identity-service","timestamp":"2025-02-18T15:02:52.517Z"}
{"level":"info","message":"Received POST request to /api/auth/login","service":"identity-service","timestamp":"2025-02-18T15:02:56.506Z"}
{"level":"info","message":"Request body, [object Object]","service":"identity-service","timestamp":"2025-02-18T15:02:56.507Z"}
{"level":"info","message":"Received POST request to /api/auth/login","service":"identity-service","timestamp":"2025-02-18T17:01:32.931Z"}
{"level":"info","message":"Request body, [object Object]","service":"identity-service","timestamp":"2025-02-18T17:01:32.932Z"}
{"level":"info","message":"Identity service running on port 3001","service":"identity-service","timestamp":"2025-02-18T17:02:56.110Z"}
{"level":"info","message":"Connected to mongodb.","service":"identity-service","timestamp":"2025-02-18T17:02:56.158Z"}
{"level":"info","message":"Identity service running on port 3001","service":"identity-service","timestamp":"2025-02-18T17:03:17.302Z"}
{"level":"info","message":"Connected to mongodb.","service":"identity-service","timestamp":"2025-02-18T17:03:17.351Z"}
{"level":"info","message":"Identity service running on port 3001","service":"identity-service","timestamp":"2025-02-18T17:03:35.583Z"}
{"level":"info","message":"Connected to mongodb.","service":"identity-service","timestamp":"2025-02-18T17:03:35.620Z"}
{"level":"info","message":"Identity service running on port 3001","service":"identity-service","timestamp":"2025-02-18T17:04:11.359Z"}
{"level":"info","message":"Connected to mongodb.","service":"identity-service","timestamp":"2025-02-18T17:04:11.398Z"}
{"level":"info","message":"Identity service running on port 3001","service":"identity-service","timestamp":"2025-02-18T17:04:28.810Z"}
{"level":"info","message":"Connected to mongodb.","service":"identity-service","timestamp":"2025-02-18T17:04:28.849Z"}
{"level":"info","message":"Identity service running on port 3001","service":"identity-service","timestamp":"2025-02-18T17:04:58.364Z"}
{"level":"info","message":"Connected to mongodb.","service":"identity-service","timestamp":"2025-02-18T17:04:58.406Z"}
{"level":"info","message":"Identity service running on port 3001","service":"identity-service","timestamp":"2025-02-18T17:05:28.507Z"}
{"level":"info","message":"Connected to mongodb.","service":"identity-service","timestamp":"2025-02-18T17:05:28.562Z"}
{"level":"info","message":"Identity service running on port 3001","service":"identity-service","timestamp":"2025-02-18T17:05:43.510Z"}
{"level":"info","message":"Connected to mongodb.","service":"identity-service","timestamp":"2025-02-18T17:05:43.549Z"}
{"level":"info","message":"Identity service running on port 3001","service":"identity-service","timestamp":"2025-02-18T17:05:59.985Z"}
{"level":"info","message":"Connected to mongodb.","service":"identity-service","timestamp":"2025-02-18T17:06:00.026Z"}
{"level":"info","message":"Identity service running on port 3001","service":"identity-service","timestamp":"2025-02-18T17:06:36.297Z"}
{"level":"info","message":"Connected to mongodb.","service":"identity-service","timestamp":"2025-02-18T17:06:36.340Z"}
{"level":"info","message":"Identity service running on port 3001","service":"identity-service","timestamp":"2025-02-19T09:50:45.795Z"}
{"level":"info","message":"Connected to mongodb.","service":"identity-service","timestamp":"2025-02-19T09:50:45.832Z"}
{"level":"info","message":"Received POST request to /api/auth/login","service":"identity-service","timestamp":"2025-02-19T09:51:24.429Z"}
{"level":"info","message":"Request body, [object Object]","service":"identity-service","timestamp":"2025-02-19T09:51:24.430Z"}
{"level":"info","message":"Login endpoint hit...","service":"identity-service","timestamp":"2025-02-19T09:51:24.434Z"}
{"level":"info","message":"Received POST request to /api/auth/register","service":"identity-service","timestamp":"2025-02-19T09:51:44.792Z"}
{"level":"info","message":"Request body, [object Object]","service":"identity-service","timestamp":"2025-02-19T09:51:44.793Z"}
{"level":"info","message":"Registration endpoint hit...","service":"identity-service","timestamp":"2025-02-19T09:51:44.798Z"}
{"0":"\"","1":"u","10":" ","11":"i","12":"s","13":" ","14":"r","15":"e","16":"q","17":"u","18":"i","19":"r","2":"s","20":"e","21":"d","3":"e","4":"r","5":"n","6":"a","7":"m","8":"e","9":"\"","level":"warn","message":"Validation error","service":"identity-service","timestamp":"2025-02-19T09:51:44.803Z"}
{"level":"info","message":"Received POST request to /api/auth/login","service":"identity-service","timestamp":"2025-02-19T09:51:51.502Z"}
{"level":"info","message":"Request body, [object Object]","service":"identity-service","timestamp":"2025-02-19T09:51:51.503Z"}
{"level":"info","message":"Login endpoint hit...","service":"identity-service","timestamp":"2025-02-19T09:51:51.506Z"}
{"level":"info","message":"Received GET request to /api/auth/login","service":"identity-service","timestamp":"2025-02-19T09:52:25.827Z"}
{"level":"info","message":"Request body, [object Object]","service":"identity-service","timestamp":"2025-02-19T09:52:25.828Z"}
{"level":"info","message":"Received GET request to /api/auth/register","service":"identity-service","timestamp":"2025-02-19T09:52:37.389Z"}
{"level":"info","message":"Request body, [object Object]","service":"identity-service","timestamp":"2025-02-19T09:52:37.390Z"}
{"level":"info","message":"Received POST request to /api/auth/register","service":"identity-service","timestamp":"2025-02-19T09:52:52.375Z"}
{"level":"info","message":"Request body, [object Object]","service":"identity-service","timestamp":"2025-02-19T09:52:52.376Z"}
{"level":"info","message":"Registration endpoint hit...","service":"identity-service","timestamp":"2025-02-19T09:52:52.382Z"}
{"0":"\"","1":"u","10":" ","11":"i","12":"s","13":" ","14":"r","15":"e","16":"q","17":"u","18":"i","19":"r","2":"s","20":"e","21":"d","3":"e","4":"r","5":"n","6":"a","7":"m","8":"e","9":"\"","level":"warn","message":"Validation error","service":"identity-service","timestamp":"2025-02-19T09:52:52.387Z"}
{"level":"info","message":"Received POST request to /api/auth/register","service":"identity-service","timestamp":"2025-02-19T09:53:18.067Z"}
{"level":"info","message":"Request body, [object Object]","service":"identity-service","timestamp":"2025-02-19T09:53:18.068Z"}
{"level":"info","message":"Registration endpoint hit...","service":"identity-service","timestamp":"2025-02-19T09:53:18.073Z"}
{"level":"warn","message":"User already exists","service":"identity-service","timestamp":"2025-02-19T09:53:18.161Z"}
{"level":"info","message":"Received POST request to /api/auth/register","service":"identity-service","timestamp":"2025-02-19T09:53:25.870Z"}
{"level":"info","message":"Request body, [object Object]","service":"identity-service","timestamp":"2025-02-19T09:53:25.872Z"}
{"level":"info","message":"Registration endpoint hit...","service":"identity-service","timestamp":"2025-02-19T09:53:25.876Z"}
{"buffer":{"data":[103,181,170,21,121,240,247,181,170,17,174,221],"type":"Buffer"},"level":"warn","message":"User saved successfully.","service":"identity-service","timestamp":"2025-02-19T09:53:26.178Z"}
{"level":"info","message":"Received POST request to /api/auth/login","service":"identity-service","timestamp":"2025-02-19T09:53:35.460Z"}
{"level":"info","message":"Request body, [object Object]","service":"identity-service","timestamp":"2025-02-19T09:53:35.462Z"}
{"level":"info","message":"Login endpoint hit...","service":"identity-service","timestamp":"2025-02-19T09:53:35.467Z"}
{"level":"info","message":"Received POST request to /api/auth/login","service":"identity-service","timestamp":"2025-02-19T17:43:24.716Z"}
{"level":"info","message":"Request body, [object Object]","service":"identity-service","timestamp":"2025-02-19T17:43:24.722Z"}
{"level":"info","message":"Login endpoint hit...","service":"identity-service","timestamp":"2025-02-19T17:43:24.735Z"}
{"level":"info","message":"Identity service running on port 3001","service":"identity-service","timestamp":"2025-02-20T07:45:42.051Z"}
{"level":"info","message":"Connected to mongodb.","service":"identity-service","timestamp":"2025-02-20T07:45:42.087Z"}
{"level":"info","message":"Received POST request to /api/auth/login","service":"identity-service","timestamp":"2025-02-20T07:47:14.887Z"}
{"level":"info","message":"Request body, [object Object]","service":"identity-service","timestamp":"2025-02-20T07:47:14.888Z"}
{"level":"info","message":"Login endpoint hit...","service":"identity-service","timestamp":"2025-02-20T07:47:14.893Z"}
{"level":"info","message":"Identity service running on port 3001","service":"identity-service","timestamp":"2025-02-20T07:55:04.612Z"}
{"level":"info","message":"Connected to mongodb.","service":"identity-service","timestamp":"2025-02-20T07:55:04.689Z"}
{"level":"info","message":"Received POST request to /api/auth/login","service":"identity-service","timestamp":"2025-02-20T08:52:04.133Z"}
{"level":"info","message":"Request body, [object Object]","service":"identity-service","timestamp":"2025-02-20T08:52:04.134Z"}
{"level":"info","message":"Login endpoint hit...","service":"identity-service","timestamp":"2025-02-20T08:52:04.139Z"}
{"level":"info","message":"Received POST request to /api/auth/login","service":"identity-service","timestamp":"2025-02-20T09:13:57.512Z"}
{"level":"info","message":"Request body, [object Object]","service":"identity-service","timestamp":"2025-02-20T09:13:57.513Z"}
{"level":"info","message":"Login endpoint hit...","service":"identity-service","timestamp":"2025-02-20T09:13:57.517Z"}
{"level":"info","message":"Received POST request to /api/auth/login","service":"identity-service","timestamp":"2025-02-20T09:26:58.552Z"}
{"level":"info","message":"Request body, [object Object]","service":"identity-service","timestamp":"2025-02-20T09:26:58.558Z"}
{"level":"info","message":"Login endpoint hit...","service":"identity-service","timestamp":"2025-02-20T09:26:58.567Z"}
{"level":"info","message":"Received POST request to /api/auth/login","service":"identity-service","timestamp":"2025-02-20T14:22:56.843Z"}
{"level":"info","message":"Request body, [object Object]","service":"identity-service","timestamp":"2025-02-20T14:22:56.864Z"}
{"level":"info","message":"Login endpoint hit...","service":"identity-service","timestamp":"2025-02-20T14:22:56.883Z"}
{"level":"info","message":"Received POST request to /api/auth/login","service":"identity-service","timestamp":"2025-02-20T16:44:00.287Z"}
{"level":"info","message":"Request body, [object Object]","service":"identity-service","timestamp":"2025-02-20T16:44:00.292Z"}
{"level":"info","message":"Login endpoint hit...","service":"identity-service","timestamp":"2025-02-20T16:44:00.303Z"}
{"level":"info","message":"Received POST request to /api/auth/login","service":"identity-service","timestamp":"2025-02-20T17:44:38.187Z"}
{"level":"info","message":"Request body, [object Object]","service":"identity-service","timestamp":"2025-02-20T17:44:38.188Z"}
{"level":"info","message":"Login endpoint hit...","service":"identity-service","timestamp":"2025-02-20T17:44:38.190Z"}
{"level":"info","message":"Received POST request to /api/auth/login","service":"identity-service","timestamp":"2025-02-20T17:49:20.005Z"}
{"level":"info","message":"Request body, [object Object]","service":"identity-service","timestamp":"2025-02-20T17:49:20.006Z"}
{"level":"info","message":"Login endpoint hit...","service":"identity-service","timestamp":"2025-02-20T17:49:20.008Z"}
{"level":"info","message":"Identity service running on port 3001","service":"identity-service","timestamp":"2025-02-20T18:09:26.944Z"}
{"level":"info","message":"Connected to mongodb.","service":"identity-service","timestamp":"2025-02-20T18:09:27.032Z"}
{"level":"info","message":"Identity service running on port 3001","service":"identity-service","timestamp":"2025-02-21T09:47:27.648Z"}
{"level":"info","message":"Connected to mongodb.","service":"identity-service","timestamp":"2025-02-21T09:47:27.684Z"}
{"level":"info","message":"Received POST request to /api/auth/login","service":"identity-service","timestamp":"2025-02-21T09:47:40.078Z"}
{"level":"info","message":"Request body, [object Object]","service":"identity-service","timestamp":"2025-02-21T09:47:40.079Z"}
{"level":"info","message":"Login endpoint hit...","service":"identity-service","timestamp":"2025-02-21T09:47:40.083Z"}
{"level":"info","message":"Received POST request to /api/auth/login","service":"identity-service","timestamp":"2025-02-21T13:57:57.367Z"}
{"level":"info","message":"Request body, [object Object]","service":"identity-service","timestamp":"2025-02-21T13:57:57.371Z"}
{"level":"info","message":"Login endpoint hit...","service":"identity-service","timestamp":"2025-02-21T13:57:57.386Z"}
{"level":"info","message":"Received POST request to /api/auth/login","service":"identity-service","timestamp":"2025-02-21T17:18:24.201Z"}
{"level":"info","message":"Request body, [object Object]","service":"identity-service","timestamp":"2025-02-21T17:18:24.204Z"}
{"level":"info","message":"Login endpoint hit...","service":"identity-service","timestamp":"2025-02-21T17:18:24.211Z"}
{"level":"info","message":"Identity service running on port 3001","service":"identity-service","timestamp":"2025-02-23T13:50:28.639Z"}
{"level":"info","message":"Connected to mongodb.","service":"identity-service","timestamp":"2025-02-23T13:50:28.682Z"}
{"level":"info","message":"Received POST request to /api/auth/login","service":"identity-service","timestamp":"2025-02-23T13:53:36.896Z"}
{"level":"info","message":"Request body, [object Object]","service":"identity-service","timestamp":"2025-02-23T13:53:36.897Z"}
{"level":"info","message":"Login endpoint hit...","service":"identity-service","timestamp":"2025-02-23T13:53:36.902Z"}
{"level":"info","message":"Received POST request to /api/auth/login","service":"identity-service","timestamp":"2025-02-23T14:07:40.058Z"}
{"level":"info","message":"Request body, [object Object]","service":"identity-service","timestamp":"2025-02-23T14:07:40.059Z"}
{"level":"info","message":"Login endpoint hit...","service":"identity-service","timestamp":"2025-02-23T14:07:40.062Z"}
{"level":"info","message":"Received POST request to /api/auth/login","service":"identity-service","timestamp":"2025-02-23T14:08:00.674Z"}
{"level":"info","message":"Request body, [object Object]","service":"identity-service","timestamp":"2025-02-23T14:08:00.676Z"}
{"level":"info","message":"Login endpoint hit...","service":"identity-service","timestamp":"2025-02-23T14:08:00.678Z"}
